Determining if the pthread_create exist failed with the following output:
Change Dir: /home/wpr/code/pre_research/dete_ncnn_3d/build/CMakeFiles/CMakeTmp

Run Build Command:"/usr/bin/make" "cmTC_2eff5/fast"
/usr/bin/make -f CMakeFiles/cmTC_2eff5.dir/build.make CMakeFiles/cmTC_2eff5.dir/build
make[1]: Entering directory '/home/wpr/code/pre_research/dete_ncnn_3d/build/CMakeFiles/CMakeTmp'
Building C object CMakeFiles/cmTC_2eff5.dir/CheckSymbolExists.c.o
/usr/bin/gcc-5    -o CMakeFiles/cmTC_2eff5.dir/CheckSymbolExists.c.o   -c /home/wpr/code/pre_research/dete_ncnn_3d/build/CMakeFiles/CMakeTmp/CheckSymbolExists.c
Linking C executable cmTC_2eff5
/usr/local/bin/cmake -E cmake_link_script CMakeFiles/cmTC_2eff5.dir/link.txt --verbose=1
/usr/bin/gcc-5      -rdynamic CMakeFiles/cmTC_2eff5.dir/CheckSymbolExists.c.o  -o cmTC_2eff5 
CMakeFiles/cmTC_2eff5.dir/CheckSymbolExists.c.o: In function `main':
CheckSymbolExists.c:(.text+0x16): undefined reference to `pthread_create'
collect2: error: ld returned 1 exit status
CMakeFiles/cmTC_2eff5.dir/build.make:86: recipe for target 'cmTC_2eff5' failed
make[1]: *** [cmTC_2eff5] Error 1
make[1]: Leaving directory '/home/wpr/code/pre_research/dete_ncnn_3d/build/CMakeFiles/CMakeTmp'
Makefile:126: recipe for target 'cmTC_2eff5/fast' failed
make: *** [cmTC_2eff5/fast] Error 2

File /home/wpr/code/pre_research/dete_ncnn_3d/build/CMakeFiles/CMakeTmp/CheckSymbolExists.c:
/* */
#include <pthread.h>

int main(int argc, char** argv)
{
  (void)argv;
#ifndef pthread_create
  return ((int*)(&pthread_create))[argc];
#else
  (void)argc;
  return 0;
#endif
}

Determining if the function pthread_create exists in the pthreads failed with the following output:
Change Dir: /home/wpr/code/pre_research/dete_ncnn_3d/build/CMakeFiles/CMakeTmp

Run Build Command:"/usr/bin/make" "cmTC_5a682/fast"
/usr/bin/make -f CMakeFiles/cmTC_5a682.dir/build.make CMakeFiles/cmTC_5a682.dir/build
make[1]: Entering directory '/home/wpr/code/pre_research/dete_ncnn_3d/build/CMakeFiles/CMakeTmp'
Building C object CMakeFiles/cmTC_5a682.dir/CheckFunctionExists.c.o
/usr/bin/gcc-5   -DCHECK_FUNCTION_EXISTS=pthread_create   -o CMakeFiles/cmTC_5a682.dir/CheckFunctionExists.c.o   -c /usr/local/share/cmake-3.11/Modules/CheckFunctionExists.c
Linking C executable cmTC_5a682
/usr/local/bin/cmake -E cmake_link_script CMakeFiles/cmTC_5a682.dir/link.txt --verbose=1
/usr/bin/gcc-5  -DCHECK_FUNCTION_EXISTS=pthread_create    -rdynamic CMakeFiles/cmTC_5a682.dir/CheckFunctionExists.c.o  -o cmTC_5a682 -lpthreads 
/usr/bin/ld: cannot find -lpthreads
collect2: error: ld returned 1 exit status
CMakeFiles/cmTC_5a682.dir/build.make:86: recipe for target 'cmTC_5a682' failed
make[1]: *** [cmTC_5a682] Error 1
make[1]: Leaving directory '/home/wpr/code/pre_research/dete_ncnn_3d/build/CMakeFiles/CMakeTmp'
Makefile:126: recipe for target 'cmTC_5a682/fast' failed
make: *** [cmTC_5a682/fast] Error 2


